\BOOKMARK [0][-]{section*.6}{Contents}{}% 1
\BOOKMARK [0][-]{chapter.1}{SCION/SCIONLab}{}% 2
\BOOKMARK [1][-]{section.1.1}{SCION}{chapter.1}% 3
\BOOKMARK [2][-]{subsection.1.1.1}{Control Plane}{section.1.1}% 4
\BOOKMARK [2][-]{subsection.1.1.2}{Data Plane}{section.1.1}% 5
\BOOKMARK [2][-]{subsection.1.1.3}{Joining a SCION Network}{section.1.1}% 6
\BOOKMARK [2][-]{subsection.1.1.4}{Topology}{section.1.1}% 7
\BOOKMARK [1][-]{section.1.2}{SCIONLab}{chapter.1}% 8
\BOOKMARK [2][-]{subsection.1.2.1}{SCIONLab as an Overlay Network}{section.1.2}% 9
\BOOKMARK [2][-]{subsection.1.2.2}{SCIONLab AS}{section.1.2}% 10
\BOOKMARK [2][-]{subsection.1.2.3}{Topology}{section.1.2}% 11
\BOOKMARK [0][-]{chapter.2}{Traffic Control}{}% 12
\BOOKMARK [1][-]{section.2.1}{Theory}{chapter.2}% 13
\BOOKMARK [2][-]{subsection.2.1.1}{Classful Traffic Shaping}{section.2.1}% 14
\BOOKMARK [2][-]{subsection.2.1.2}{Classless Traffic Shaping}{section.2.1}% 15
\BOOKMARK [2][-]{subsection.2.1.3}{Egress Traffic}{section.2.1}% 16
\BOOKMARK [2][-]{subsection.2.1.4}{Ingress Traffic}{section.2.1}% 17
\BOOKMARK [1][-]{section.2.2}{TC}{chapter.2}% 18
\BOOKMARK [2][-]{subsection.2.2.1}{Queuing Disciplines}{section.2.2}% 19
\BOOKMARK [2][-]{subsection.2.2.2}{Classes}{section.2.2}% 20
\BOOKMARK [2][-]{subsection.2.2.3}{Filters}{section.2.2}% 21
\BOOKMARK [0][-]{chapter.3}{Conception}{}% 22
\BOOKMARK [1][-]{section.3.1}{Front end}{chapter.3}% 23
\BOOKMARK [1][-]{section.3.2}{Back end}{chapter.3}% 24
\BOOKMARK [0][-]{chapter.4}{Implementation}{}% 25
\BOOKMARK [0][-]{chapter.5}{Evaluation}{}% 26
\BOOKMARK [1][-]{section.5.1}{iperf3}{chapter.5}% 27
\BOOKMARK [0][-]{chapter.6}{Conclusion}{}% 28
\BOOKMARK [0][-]{appendix.A}{Abbreviations}{}% 29
\BOOKMARK [0][-]{section*.15}{Bibliography}{}% 30
